<?xml version="1.0" encoding="UTF-8"?>
<testsuite name="com.example.project.SortTest" tests="5" skipped="0" failures="0" errors="0" timestamp="2025-02-24T13:58:48" hostname="codespaces-2613fd" time="0.171">
  <properties/>
  <testcase name="testSelectionSort_16Elements_NegativeAndPositiveNumbers()" classname="com.example.project.SortTest" time="0.024"/>
  <testcase name="testSelectionSort_10Elements_WithDuplicates()" classname="com.example.project.SortTest" time="0.007"/>
  <testcase name="testSelectionSort_Words()" classname="com.example.project.SortTest" time="0.115"/>
  <testcase name="testSelectionSort_1000Elements_RandomNumbers()" classname="com.example.project.SortTest" time="0.019"/>
  <testcase name="testSelectionSort_10Elements_SortedCorrectly()" classname="com.example.project.SortTest" time="0.001"/>
  <system-out><![CDATA[]]></system-out>
  <system-err><![CDATA[]]></system-err>
</testsuite>
