<?xml version="1.0" encoding="UTF-8"?>
<testsuite name="com.example.project.TestSelectionSort" tests="5" skipped="0" failures="0" errors="0" timestamp="2025-03-12T12:53:05" hostname="codespaces-2613fd" time="0.066">
  <properties/>
  <testcase name="testSelectionSort_16Elements_NegativeAndPositiveNumbers()" classname="com.example.project.TestSelectionSort" time="0.001"/>
  <testcase name="testSelectionSort_10Elements_WithDuplicates()" classname="com.example.project.TestSelectionSort" time="0.004"/>
  <testcase name="testSelectionSort_Words()" classname="com.example.project.TestSelectionSort" time="0.035"/>
  <testcase name="testSelectionSort_1000Elements_RandomNumbers()" classname="com.example.project.TestSelectionSort" time="0.015"/>
  <testcase name="testSelectionSort_10Elements_SortedCorrectly()" classname="com.example.project.TestSelectionSort" time="0.003"/>
  <system-out><![CDATA[]]></system-out>
  <system-err><![CDATA[]]></system-err>
</testsuite>
